Using pre-set license
Built from '2020.3/staging' branch; Version is '2020.3.3f1 (76626098c1c4) revision 7758432'; Using compiler version '192528614'; Build Type 'Release'
OS: 'Windows 10 Pro; OS build 18363.1198; Version 1909; 64bit' Language: 'en' Physical Memory: 8076 MB
BatchMode: 1, IsHumanControllingUs: 0, StartBugReporterOnCrash: 0, Is64bit: 1, IsPro: 0

 COMMAND LINE ARGUMENTS:
D:\Editor\2020.3.3f1\Editor\Unity.exe
-adb2
-batchMode
-noUpm
-name
AssetImportWorker0
-projectPath
D:/noInternet/Rapunzel
-logFile
Logs/AssetImportWorker0.log
-srvPort
54794
Successfully changed project path to: D:/noInternet/Rapunzel
D:/noInternet/Rapunzel
Using Asset Import Pipeline V2.
Refreshing native plugins compatible for Editor in 37.00 ms, found 0 plugins.
Preloading 0 native plugins for Editor in 0.00 ms.
Initialize engine version: 2020.3.3f1 (76626098c1c4)
[Subsystems] Discovering subsystems at path D:/Editor/2020.3.3f1/Editor/Data/Resources/UnitySubsystems
[Subsystems] Discovering subsystems at path D:/noInternet/Rapunzel/Assets
GfxDevice: creating device client; threaded=0
Direct3D:
    Version:  Direct3D 11.0 [level 11.1]
    Renderer: NVIDIA GeForce GTX 1050 (ID=0x1c8d)
    Vendor:   
    VRAM:     4021 MB
    Driver:   27.21.14.6611
Initialize mono
Mono path[0] = 'D:/Editor/2020.3.3f1/Editor/Data/Managed'
Mono path[1] = 'D:/Editor/2020.3.3f1/Editor/Data/MonoBleedingEdge/lib/mono/unityjit'
Mono config path = 'D:/Editor/2020.3.3f1/Editor/Data/MonoBleedingEdge/etc'
Using monoOptions --debugger-agent=transport=dt_socket,embedding=1,server=y,suspend=n,address=127.0.0.1:56224
Begin MonoManager ReloadAssembly
Registering precompiled unity dll's ...
Register platform support module: D:/Editor/2020.3.3f1/Editor/Data/PlaybackEngines/WindowsStandaloneSupport/UnityEditor.WindowsStandalone.Extensions.dll
Registered in 0.002278 seconds.
Native extension for WindowsStandalone target not found
Refreshing native plugins compatible for Editor in 35.89 ms, found 0 plugins.
Preloading 0 native plugins for Editor in 0.00 ms.
Invoked RoslynAnalysisRunner static constructor.
RoslynAnalysisRunner will not be running.
RoslynAnalysisRunner has terminated.
Mono: successfully reloaded assembly
- Completed reload, in  2.208 seconds
Platform modules already initialized, skipping
Registering precompiled user dll's ...
Registered in 0.001418 seconds.
Begin MonoManager ReloadAssembly
Native extension for WindowsStandalone target not found
Refreshing native plugins compatible for Editor in 0.40 ms, found 0 plugins.
Preloading 0 native plugins for Editor in 0.00 ms.
Invoked RoslynAnalysisRunner static constructor.
RoslynAnalysisRunner will not be running.
RoslynAnalysisRunner has terminated.
Mono: successfully reloaded assembly
- Completed reload, in  1.386 seconds
Platform modules already initialized, skipping
========================================================================
Worker process is ready to serve import requests
Launched and connected shader compiler UnityShaderCompiler.exe after 0.15 seconds
Refreshing native plugins compatible for Editor in 0.48 ms, found 0 plugins.
Preloading 0 native plugins for Editor in 0.00 ms.
Unloading 1117 Unused Serialized files (Serialized files now loaded: 0)
System memory in use before: 57.1 MB.
System memory in use after: 57.2 MB.

Unloading 10 unused Assets to reduce memory usage. Loaded Objects now: 1559.
Total: 2.262100 ms (FindLiveObjects: 0.286800 ms CreateObjectMapping: 0.082800 ms MarkObjects: 1.786700 ms  DeleteObjects: 0.103000 ms)

========================================================================
Received Import Request.
  path: Assets/Red.mat
  artifactKey: Guid(bb6139f9504d1024694c2e5a6ae515de) Importer(815301076,1909f56bfc062723c751e8b465ee728b)
Start importing Assets/Red.mat using Guid(bb6139f9504d1024694c2e5a6ae515de) Importer(815301076,1909f56bfc062723c751e8b465ee728b)  -> (artifact id: 'f9703eb8a9b131112db908f95d9722af') in 0.939819 seconds
  Import took 0.969797 seconds .

========================================================================
Received Import Request.
  Time since last request: 1.486599 seconds.
  path: Assets/Scenes 1
  artifactKey: Guid(e77f525359bf99645a29a8af247f49f6) Importer(815301076,1909f56bfc062723c751e8b465ee728b)
Start importing Assets/Scenes 1 using Guid(e77f525359bf99645a29a8af247f49f6) Importer(815301076,1909f56bfc062723c751e8b465ee728b)  -> (artifact id: 'abee3cdb8aea5cf222e1094bad65b023') in 0.002319 seconds
  Import took 0.053167 seconds .

========================================================================
Received Import Request.
  Time since last request: 0.027421 seconds.
  path: Assets/Scenes 1
  artifactKey: Guid(e77f525359bf99645a29a8af247f49f6) Importer(815301076,1909f56bfc062723c751e8b465ee728b)
Start importing Assets/Scenes 1 using Guid(e77f525359bf99645a29a8af247f49f6) Importer(815301076,1909f56bfc062723c751e8b465ee728b)  -> (artifact id: 'abee3cdb8aea5cf222e1094bad65b023') in 0.021760 seconds
  Import took 0.024604 seconds .

========================================================================
Received Import Request.
  Time since last request: 0.760052 seconds.
  path: Assets/Scenes 1/SampleScene.unity
  artifactKey: Guid(609833a9913631048ad8441df17d07d1) Importer(815301076,1909f56bfc062723c751e8b465ee728b)
Start importing Assets/Scenes 1/SampleScene.unity using Guid(609833a9913631048ad8441df17d07d1) Importer(815301076,1909f56bfc062723c751e8b465ee728b)  -> (artifact id: '58d5ebae51514113b621def8b9fb35df') in 0.003376 seconds
  Import took 0.149822 seconds .

========================================================================
Received Prepare
Registering precompiled user dll's ...
Registered in 0.000881 seconds.
Begin MonoManager ReloadAssembly
Native extension for WindowsStandalone target not found
Refreshing native plugins compatible for Editor in 0.28 ms, found 0 plugins.
Preloading 0 native plugins for Editor in 0.00 ms.
Invoked RoslynAnalysisRunner static constructor.
RoslynAnalysisRunner will not be running.
RoslynAnalysisRunner has terminated.
Mono: successfully reloaded assembly
- Completed reload, in  1.183 seconds
Platform modules already initialized, skipping
Refreshing native plugins compatible for Editor in 0.26 ms, found 0 plugins.
Preloading 0 native plugins for Editor in 0.00 ms.
Unloading 1112 Unused Serialized files (Serialized files now loaded: 0)
System memory in use before: 60.4 MB.
System memory in use after: 60.5 MB.

Unloading 5 unused Assets to reduce memory usage. Loaded Objects now: 1602.
Total: 3.263000 ms (FindLiveObjects: 0.232700 ms CreateObjectMapping: 0.064200 ms MarkObjects: 2.879800 ms  DeleteObjects: 0.084700 ms)

========================================================================
Received Import Request.
  Time since last request: 823.503768 seconds.
  path: Assets/Girl.fbx
  artifactKey: Guid(31689f86c88c9dd40a125b2a8c61a006) Importer(815301076,1909f56bfc062723c751e8b465ee728b)
Start importing Assets/Girl.fbx using Guid(31689f86c88c9dd40a125b2a8c61a006) Importer(815301076,1909f56bfc062723c751e8b465ee728b)  -> (artifact id: '047b8d661bbbc4e248ab06e08b8bb813') in 0.164141 seconds
  Import took 0.167460 seconds .

========================================================================
Received Import Request.
  Time since last request: 0.000275 seconds.
  path: Assets/hair_1.fbx
  artifactKey: Guid(cf846b52d37032046b285537e3771c20) Importer(815301076,1909f56bfc062723c751e8b465ee728b)
Start importing Assets/hair_1.fbx using Guid(cf846b52d37032046b285537e3771c20) Importer(815301076,1909f56bfc062723c751e8b465ee728b)  -> (artifact id: '3a9f8ffdb9fe49232a0516db5d8246b6') in 0.082262 seconds
  Import took 0.086401 seconds .

========================================================================
Received Import Request.
  Time since last request: 3.413491 seconds.
  path: Assets
  artifactKey: Guid(00000000000000001000000000000000) Importer(815301076,1909f56bfc062723c751e8b465ee728b)
Start importing Assets using Guid(00000000000000001000000000000000) Importer(815301076,1909f56bfc062723c751e8b465ee728b)  -> (artifact id: 'b2e0e235c0f4af3754229b664788db90') in 0.002487 seconds
  Import took 0.006980 seconds .

========================================================================
Received Import Request.
  Time since last request: 30.527811 seconds.
  path: Assets/Girl.fbx
  artifactKey: Guid(31689f86c88c9dd40a125b2a8c61a006) Importer(815301076,1909f56bfc062723c751e8b465ee728b)
Start importing Assets/Girl.fbx using Guid(31689f86c88c9dd40a125b2a8c61a006) Importer(815301076,1909f56bfc062723c751e8b465ee728b)  -> (artifact id: 'f4dc8d08becd73c2df4c00dc462e35ba') in 0.056141 seconds
  Import took 0.061636 seconds .

========================================================================
Received Import Request.
  Time since last request: 4.707812 seconds.
  path: Assets/Scenes/SampleScene.unity
  artifactKey: Guid(9fc0d4010bbf28b4594072e72b8655ab) Importer(815301076,1909f56bfc062723c751e8b465ee728b)
Start importing Assets/Scenes/SampleScene.unity using Guid(9fc0d4010bbf28b4594072e72b8655ab) Importer(815301076,1909f56bfc062723c751e8b465ee728b)  -> (artifact id: 'f5c2f2c2a1bc51d97acb4e2643276eeb') in 0.002645 seconds
  Import took 0.006608 seconds .

========================================================================
Received Import Request.
  Time since last request: 14.443601 seconds.
  path: Assets/Materials
  artifactKey: Guid(e394f10a452603245a2443d43e50f98b) Importer(815301076,1909f56bfc062723c751e8b465ee728b)
Start importing Assets/Materials using Guid(e394f10a452603245a2443d43e50f98b) Importer(815301076,1909f56bfc062723c751e8b465ee728b)  -> (artifact id: '89a7c4bceb146e1a7713b37fb8345b2e') in 0.003542 seconds
  Import took 0.102912 seconds .

========================================================================
Received Import Request.
  Time since last request: 0.000385 seconds.
  path: Assets/Materials/Material.mat
  artifactKey: Guid(033c23957fe2bf0458746b40e737ac0d) Importer(815301076,1909f56bfc062723c751e8b465ee728b)
Start importing Assets/Materials/Material.mat using Guid(033c23957fe2bf0458746b40e737ac0d) Importer(815301076,1909f56bfc062723c751e8b465ee728b)  -> (artifact id: '6972cc0f205031cd98604f8f0e31c4e5') in 0.012136 seconds
  Import took 0.115135 seconds .

========================================================================
Received Import Request.
  Time since last request: 7.810332 seconds.
  path: Assets/hair_1.fbx
  artifactKey: Guid(cf846b52d37032046b285537e3771c20) Importer(815301076,1909f56bfc062723c751e8b465ee728b)
Start importing Assets/hair_1.fbx using Guid(cf846b52d37032046b285537e3771c20) Importer(815301076,1909f56bfc062723c751e8b465ee728b)  -> (artifact id: 'a29a240ea82bdee776efb2b45ab4d728') in 0.072352 seconds
  Import took 0.114413 seconds .

========================================================================
Received Import Request.
  Time since last request: 1.334344 seconds.
  path: Assets/Materials/claps.mat
  artifactKey: Guid(87d600b1a7bd9434899fb0301f258185) Importer(815301076,1909f56bfc062723c751e8b465ee728b)
Start importing Assets/Materials/claps.mat using Guid(87d600b1a7bd9434899fb0301f258185) Importer(815301076,1909f56bfc062723c751e8b465ee728b)  -> (artifact id: '22a6312685a17d81f7b89a98cfd4c34b') in 0.010103 seconds
  Import took 0.039167 seconds .

========================================================================
Received Import Request.
  Time since last request: 0.000325 seconds.
  path: Assets/Materials/hair.mat
  artifactKey: Guid(9bea2e8a400f12146a0cc1c0935ac8df) Importer(815301076,1909f56bfc062723c751e8b465ee728b)
Start importing Assets/Materials/hair.mat using Guid(9bea2e8a400f12146a0cc1c0935ac8df) Importer(815301076,1909f56bfc062723c751e8b465ee728b)  -> (artifact id: '05f2bc743367e9294b3398b939d04130') in 0.011497 seconds
  Import took 0.014888 seconds .

========================================================================
Received Import Request.
  Time since last request: 17.398613 seconds.
  path: Assets/Scripts
  artifactKey: Guid(a787114899ce8744fbbfa6c043254e5c) Importer(815301076,1909f56bfc062723c751e8b465ee728b)
Start importing Assets/Scripts using Guid(a787114899ce8744fbbfa6c043254e5c) Importer(815301076,1909f56bfc062723c751e8b465ee728b)  -> (artifact id: 'a43ba0abe0e08467114767e88074fa6f') in 0.003433 seconds
  Import took 0.010278 seconds .

========================================================================
Received Import Request.
  Time since last request: 2.088622 seconds.
  path: Assets/Move.cs
  artifactKey: Guid(386eff1125cb54e4fbd5b2a85022159b) Importer(815301076,1909f56bfc062723c751e8b465ee728b)
Start importing Assets/Move.cs using Guid(386eff1125cb54e4fbd5b2a85022159b) Importer(815301076,1909f56bfc062723c751e8b465ee728b)  -> (artifact id: '87f560bacf54cdd09f0e4d15864e4e03') in 0.035819 seconds
  Import took 0.069900 seconds .

========================================================================
Received Import Request.
  Time since last request: 0.274258 seconds.
  path: Assets/Tail.cs
  artifactKey: Guid(0ab4fa2f237dada48b29e4ece8d4d122) Importer(815301076,1909f56bfc062723c751e8b465ee728b)
Start importing Assets/Tail.cs using Guid(0ab4fa2f237dada48b29e4ece8d4d122) Importer(815301076,1909f56bfc062723c751e8b465ee728b)  -> (artifact id: 'b259022baddd97fa91abdcdddf3f9484') in 0.002152 seconds
  Import took 0.005583 seconds .

========================================================================
Received Import Request.
  Time since last request: 0.020768 seconds.
  path: Assets/Tail.cs
  artifactKey: Guid(0ab4fa2f237dada48b29e4ece8d4d122) Importer(815301076,1909f56bfc062723c751e8b465ee728b)
Start importing Assets/Tail.cs using Guid(0ab4fa2f237dada48b29e4ece8d4d122) Importer(815301076,1909f56bfc062723c751e8b465ee728b)  -> (artifact id: 'b259022baddd97fa91abdcdddf3f9484') in 0.002339 seconds
  Import took 0.005644 seconds .

========================================================================
Received Prepare
Registering precompiled user dll's ...
Registered in 0.001228 seconds.
Begin MonoManager ReloadAssembly
Native extension for WindowsStandalone target not found
Refreshing native plugins compatible for Editor in 0.33 ms, found 0 plugins.
Preloading 0 native plugins for Editor in 0.00 ms.
Invoked RoslynAnalysisRunner static constructor.
RoslynAnalysisRunner will not be running.
RoslynAnalysisRunner has terminated.
Mono: successfully reloaded assembly
- Completed reload, in  1.393 seconds
Platform modules already initialized, skipping
Refreshing native plugins compatible for Editor in 0.32 ms, found 0 plugins.
Preloading 0 native plugins for Editor in 0.00 ms.
Unloading 1112 Unused Serialized files (Serialized files now loaded: 0)
System memory in use before: 60.6 MB.
System memory in use after: 60.7 MB.

Unloading 5 unused Assets to reduce memory usage. Loaded Objects now: 1609.
Total: 2.518100 ms (FindLiveObjects: 0.188100 ms CreateObjectMapping: 0.086200 ms MarkObjects: 2.173000 ms  DeleteObjects: 0.069500 ms)

========================================================================
Received Import Request.
  Time since last request: 8.487016 seconds.
  path: Assets/Prefabs
  artifactKey: Guid(b499694e01fe3424c919bdcb3d1ad6c3) Importer(815301076,1909f56bfc062723c751e8b465ee728b)
Start importing Assets/Prefabs using Guid(b499694e01fe3424c919bdcb3d1ad6c3) Importer(815301076,1909f56bfc062723c751e8b465ee728b)  -> (artifact id: 'a3f9e527a3abc3cc322fc3e31ac2dae1') in 0.005860 seconds
  Import took 0.009548 seconds .

========================================================================
Received Import Request.
  Time since last request: 4.876993 seconds.
  path: Assets/Models
  artifactKey: Guid(10f7e3adf5647ac4dabf7daed423ff7e) Importer(815301076,1909f56bfc062723c751e8b465ee728b)
Start importing Assets/Models using Guid(10f7e3adf5647ac4dabf7daed423ff7e) Importer(815301076,1909f56bfc062723c751e8b465ee728b)  -> (artifact id: 'e50663aaa702cb8cb239a4c41d66250a') in 0.002386 seconds
  Import took 0.005635 seconds .

========================================================================
Received Import Request.
  Time since last request: 19.779617 seconds.
  path: Assets/Scenes/SampleScene.unity
  artifactKey: Guid(609833a9913631048ad8441df17d07d1) Importer(815301076,1909f56bfc062723c751e8b465ee728b)
Start importing Assets/Scenes/SampleScene.unity using Guid(609833a9913631048ad8441df17d07d1) Importer(815301076,1909f56bfc062723c751e8b465ee728b)  -> (artifact id: '6ea2257df30583a7611c3890bcff6174') in 0.015566 seconds
  Import took 0.018812 seconds .

========================================================================
Received Import Request.
  Time since last request: 35.907991 seconds.
  path: Assets/Prefabs/ConfigurableJoint.prefab
  artifactKey: Guid(ba4ae8765db0f7643a619d27d72daa90) Importer(815301076,1909f56bfc062723c751e8b465ee728b)
Start importing Assets/Prefabs/ConfigurableJoint.prefab using Guid(ba4ae8765db0f7643a619d27d72daa90) Importer(815301076,1909f56bfc062723c751e8b465ee728b)  -> (artifact id: '795a2c0aab9dba6588e58b86af2f38fd') in 0.098254 seconds
  Import took 0.187531 seconds .

========================================================================
Received Import Request.
  Time since last request: 1.498734 seconds.
  path: Assets/Prefabs/SpringJoint.prefab
  artifactKey: Guid(a0b44477c517a4a4ba8bcad07e320f09) Importer(815301076,1909f56bfc062723c751e8b465ee728b)
Start importing Assets/Prefabs/SpringJoint.prefab using Guid(a0b44477c517a4a4ba8bcad07e320f09) Importer(815301076,1909f56bfc062723c751e8b465ee728b)  -> (artifact id: '211c12b19a17efa2859590af2c020bf0') in 0.013456 seconds
  Import took 0.051216 seconds .

========================================================================
Received Import Request.
  Time since last request: 0.017093 seconds.
  path: Assets/Prefabs/SpringJoint.prefab
  artifactKey: Guid(a0b44477c517a4a4ba8bcad07e320f09) Importer(815301076,1909f56bfc062723c751e8b465ee728b)
Start importing Assets/Prefabs/SpringJoint.prefab using Guid(a0b44477c517a4a4ba8bcad07e320f09) Importer(815301076,1909f56bfc062723c751e8b465ee728b)  -> (artifact id: '211c12b19a17efa2859590af2c020bf0') in 0.015825 seconds
  Import took 0.020301 seconds .

========================================================================
Received Import Request.
  Time since last request: 9.356266 seconds.
  path: Assets/Prefabs/SpringJoint.prefab
  artifactKey: Guid(a0b44477c517a4a4ba8bcad07e320f09) Importer(815301076,1909f56bfc062723c751e8b465ee728b)
Start importing Assets/Prefabs/SpringJoint.prefab using Guid(a0b44477c517a4a4ba8bcad07e320f09) Importer(815301076,1909f56bfc062723c751e8b465ee728b)  -> (artifact id: '24f95f196cb57cb946e42a8eac1feca4') in 0.019713 seconds
  Import took 0.023536 seconds .

========================================================================
Received Import Request.
  Time since last request: 0.016833 seconds.
  path: Assets/Prefabs/SpringJoint.prefab
  artifactKey: Guid(a0b44477c517a4a4ba8bcad07e320f09) Importer(815301076,1909f56bfc062723c751e8b465ee728b)
Start importing Assets/Prefabs/SpringJoint.prefab using Guid(a0b44477c517a4a4ba8bcad07e320f09) Importer(815301076,1909f56bfc062723c751e8b465ee728b)  -> (artifact id: '24f95f196cb57cb946e42a8eac1feca4') in 0.018300 seconds
  Import took 0.022382 seconds .

========================================================================
Received Prepare
Registering precompiled user dll's ...
Registered in 0.001411 seconds.
Begin MonoManager ReloadAssembly
Native extension for WindowsStandalone target not found
Refreshing native plugins compatible for Editor in 0.28 ms, found 0 plugins.
Preloading 0 native plugins for Editor in 0.00 ms.
Invoked RoslynAnalysisRunner static constructor.
RoslynAnalysisRunner will not be running.
RoslynAnalysisRunner has terminated.
Mono: successfully reloaded assembly
- Completed reload, in  1.250 seconds
Platform modules already initialized, skipping
Refreshing native plugins compatible for Editor in 0.27 ms, found 0 plugins.
Preloading 0 native plugins for Editor in 0.00 ms.
Unloading 1112 Unused Serialized files (Serialized files now loaded: 0)
System memory in use before: 60.7 MB.
System memory in use after: 60.8 MB.

Unloading 5 unused Assets to reduce memory usage. Loaded Objects now: 1614.
Total: 2.758500 ms (FindLiveObjects: 0.181300 ms CreateObjectMapping: 0.052600 ms MarkObjects: 2.445300 ms  DeleteObjects: 0.077500 ms)

========================================================================
Received Import Request.
  Time since last request: 182.130879 seconds.
  path: Assets/Models/Girl.fbx
  artifactKey: Guid(31689f86c88c9dd40a125b2a8c61a006) Importer(815301076,1909f56bfc062723c751e8b465ee728b)
Start importing Assets/Models/Girl.fbx using Guid(31689f86c88c9dd40a125b2a8c61a006) Importer(815301076,1909f56bfc062723c751e8b465ee728b)  -> (artifact id: '1e755fdfd8e84d58dfa395fbb3d1ffaf') in 0.103302 seconds
  Import took 0.106937 seconds .

========================================================================
Received Import Request.
  Time since last request: 314.186739 seconds.
  path: Assets/Models/Girl (1).fbx
  artifactKey: Guid(281dfaeae5176da4cbd2e1446e8acc3c) Importer(815301076,1909f56bfc062723c751e8b465ee728b)
Start importing Assets/Models/Girl (1).fbx using Guid(281dfaeae5176da4cbd2e1446e8acc3c) Importer(815301076,1909f56bfc062723c751e8b465ee728b)  -> (artifact id: '067cf8a36e558474e619a98fe26131ca') in 0.503694 seconds
  Import took 0.510532 seconds .

========================================================================
Received Import Request.
  Time since last request: 10.171942 seconds.
  path: Assets/Models/Girl.fbx
  artifactKey: Guid(281dfaeae5176da4cbd2e1446e8acc3c) Importer(815301076,1909f56bfc062723c751e8b465ee728b)
Start importing Assets/Models/Girl.fbx using Guid(281dfaeae5176da4cbd2e1446e8acc3c) Importer(815301076,1909f56bfc062723c751e8b465ee728b)  -> (artifact id: '58e5f910720b8b5098fedade5175e753') in 0.124690 seconds
  Import took 0.131973 seconds .

========================================================================
Received Import Request.
  Time since last request: 11.126981 seconds.
  path: Assets/Models/Girl.fbx
  artifactKey: Guid(281dfaeae5176da4cbd2e1446e8acc3c) Importer(815301076,1909f56bfc062723c751e8b465ee728b)
Start importing Assets/Models/Girl.fbx using Guid(281dfaeae5176da4cbd2e1446e8acc3c) Importer(815301076,1909f56bfc062723c751e8b465ee728b)  -> (artifact id: '323fffe9f0a7704fa5b65b09502a1aba') in 0.157468 seconds
  Import took 0.207085 seconds .

========================================================================
Received Import Request.
  Time since last request: 19.487145 seconds.
  path: Assets/Models/Girl.fbx
  artifactKey: Guid(281dfaeae5176da4cbd2e1446e8acc3c) Importer(815301076,1909f56bfc062723c751e8b465ee728b)
Start importing Assets/Models/Girl.fbx using Guid(281dfaeae5176da4cbd2e1446e8acc3c) Importer(815301076,1909f56bfc062723c751e8b465ee728b)  -> (artifact id: '30f6ec736b18830aeb3c7d89d169c5d7') in 0.160261 seconds
  Import took 0.201397 seconds .

========================================================================
Received Import Request.
  Time since last request: 28.501996 seconds.
  path: Assets/Models/hair_1.fbx
  artifactKey: Guid(cf846b52d37032046b285537e3771c20) Importer(815301076,1909f56bfc062723c751e8b465ee728b)
Start importing Assets/Models/hair_1.fbx using Guid(cf846b52d37032046b285537e3771c20) Importer(815301076,1909f56bfc062723c751e8b465ee728b)  -> (artifact id: 'cfa8752c3a0ccce0165af34d1eb82d96') in 0.182971 seconds
  Import took 0.191833 seconds .

========================================================================
Received Import Request.
  Time since last request: 63.626830 seconds.
  path: Assets/Models/GirlAnimations
  artifactKey: Guid(d8f82e7e17dc1cb4694fe41d09103352) Importer(815301076,1909f56bfc062723c751e8b465ee728b)
Start importing Assets/Models/GirlAnimations using Guid(d8f82e7e17dc1cb4694fe41d09103352) Importer(815301076,1909f56bfc062723c751e8b465ee728b)  -> (artifact id: '8c8a7afc19a44551c2b2576dc9556959') in 0.015885 seconds
  Import took 0.043165 seconds .

========================================================================
Received Import Request.
  Time since last request: 12.111332 seconds.
  path: Assets/Models/GirlAnimations/Girl@Idle.fbx
  artifactKey: Guid(7618bcc8b233f3c48ade8659398decd1) Importer(815301076,1909f56bfc062723c751e8b465ee728b)
Start importing Assets/Models/GirlAnimations/Girl@Idle.fbx using Guid(7618bcc8b233f3c48ade8659398decd1) Importer(815301076,1909f56bfc062723c751e8b465ee728b)  -> (artifact id: 'efe3f04da70da0e17dfa166b31eba510') in 0.040734 seconds
  Import took 0.064053 seconds .

========================================================================
Received Import Request.
  Time since last request: 21.087146 seconds.
  path: Assets/Models/GirlAnimations/Girl@Idle.fbx
  artifactKey: Guid(7618bcc8b233f3c48ade8659398decd1) Importer(815301076,1909f56bfc062723c751e8b465ee728b)
Start importing Assets/Models/GirlAnimations/Girl@Idle.fbx using Guid(7618bcc8b233f3c48ade8659398decd1) Importer(815301076,1909f56bfc062723c751e8b465ee728b)  -> (artifact id: '0a8c96a59462e65241d75f5e87562311') in 0.024066 seconds
  Import took 0.032561 seconds .

========================================================================
Received Import Request.
  Time since last request: 0.007536 seconds.
  path: Assets/Models/GirlAnimations/Girl@Idle.fbx
  artifactKey: Guid(7618bcc8b233f3c48ade8659398decd1) Importer(815301076,1909f56bfc062723c751e8b465ee728b)
Start importing Assets/Models/GirlAnimations/Girl@Idle.fbx using Guid(7618bcc8b233f3c48ade8659398decd1) Importer(815301076,1909f56bfc062723c751e8b465ee728b)  -> (artifact id: '0a8c96a59462e65241d75f5e87562311') in 0.037585 seconds
  Import took 0.050743 seconds .

========================================================================
Received Import Request.
  Time since last request: 6.252030 seconds.
  path: Assets/Models/GirlAnimations/Girl@Idle.fbx
  artifactKey: Guid(7618bcc8b233f3c48ade8659398decd1) Importer(815301076,1909f56bfc062723c751e8b465ee728b)
Start importing Assets/Models/GirlAnimations/Girl@Idle.fbx using Guid(7618bcc8b233f3c48ade8659398decd1) Importer(815301076,1909f56bfc062723c751e8b465ee728b)  -> (artifact id: '455433cec40cf43b7d2ecaf7cc6f90f4') in 0.026777 seconds
  Import took 0.038131 seconds .

========================================================================
Received Import Request.
  Time since last request: 0.006442 seconds.
  path: Assets/Models/GirlAnimations/Girl@Idle.fbx
  artifactKey: Guid(7618bcc8b233f3c48ade8659398decd1) Importer(815301076,1909f56bfc062723c751e8b465ee728b)
Start importing Assets/Models/GirlAnimations/Girl@Idle.fbx using Guid(7618bcc8b233f3c48ade8659398decd1) Importer(815301076,1909f56bfc062723c751e8b465ee728b)  -> (artifact id: '455433cec40cf43b7d2ecaf7cc6f90f4') in 0.017977 seconds
  Import took 0.029703 seconds .

========================================================================
Received Prepare
Registering precompiled user dll's ...
Registered in 0.000905 seconds.
Begin MonoManager ReloadAssembly
Native extension for WindowsStandalone target not found
Refreshing native plugins compatible for Editor in 0.32 ms, found 0 plugins.
Preloading 0 native plugins for Editor in 0.00 ms.
Invoked RoslynAnalysisRunner static constructor.
RoslynAnalysisRunner will not be running.
RoslynAnalysisRunner has terminated.
Mono: successfully reloaded assembly
- Completed reload, in  1.279 seconds
Platform modules already initialized, skipping
Refreshing native plugins compatible for Editor in 0.49 ms, found 0 plugins.
Preloading 0 native plugins for Editor in 0.00 ms.
Unloading 1112 Unused Serialized files (Serialized files now loaded: 0)
System memory in use before: 74.3 MB.
System memory in use after: 74.4 MB.

Unloading 5 unused Assets to reduce memory usage. Loaded Objects now: 1619.
Total: 3.549500 ms (FindLiveObjects: 0.370300 ms CreateObjectMapping: 0.136100 ms MarkObjects: 2.965500 ms  DeleteObjects: 0.075600 ms)

========================================================================
Received Prepare
Registering precompiled user dll's ...
Registered in 0.001455 seconds.
Begin MonoManager ReloadAssembly
Native extension for WindowsStandalone target not found
Refreshing native plugins compatible for Editor in 0.35 ms, found 0 plugins.
Preloading 0 native plugins for Editor in 0.00 ms.
Invoked RoslynAnalysisRunner static constructor.
RoslynAnalysisRunner will not be running.
RoslynAnalysisRunner has terminated.
Mono: successfully reloaded assembly
- Completed reload, in  1.319 seconds
Platform modules already initialized, skipping
Refreshing native plugins compatible for Editor in 0.43 ms, found 0 plugins.
Preloading 0 native plugins for Editor in 0.00 ms.
Unloading 1112 Unused Serialized files (Serialized files now loaded: 0)
System memory in use before: 74.3 MB.
System memory in use after: 74.4 MB.

Unloading 5 unused Assets to reduce memory usage. Loaded Objects now: 1622.
Total: 3.362700 ms (FindLiveObjects: 0.313900 ms CreateObjectMapping: 0.088900 ms MarkObjects: 2.859100 ms  DeleteObjects: 0.098300 ms)

========================================================================
Received Import Request.
  Time since last request: 383.110715 seconds.
  path: Assets/Models/GirlAnimations/anim.anim
  artifactKey: Guid(140494c67313c8e4385b557f314d69b3) Importer(815301076,1909f56bfc062723c751e8b465ee728b)
Start importing Assets/Models/GirlAnimations/anim.anim using Guid(140494c67313c8e4385b557f314d69b3) Importer(815301076,1909f56bfc062723c751e8b465ee728b)  -> (artifact id: 'effe59216d3fa7929a8bb1e35ee61051') in 0.020986 seconds
  Import took 0.025242 seconds .

========================================================================
Received Prepare
Registering precompiled user dll's ...
Registered in 0.001401 seconds.
Begin MonoManager ReloadAssembly
Native extension for WindowsStandalone target not found
Refreshing native plugins compatible for Editor in 0.59 ms, found 0 plugins.
Preloading 0 native plugins for Editor in 0.00 ms.
Invoked RoslynAnalysisRunner static constructor.
RoslynAnalysisRunner will not be running.
RoslynAnalysisRunner has terminated.
Mono: successfully reloaded assembly
- Completed reload, in  1.302 seconds
Platform modules already initialized, skipping
Refreshing native plugins compatible for Editor in 0.49 ms, found 0 plugins.
Preloading 0 native plugins for Editor in 0.00 ms.
Unloading 1112 Unused Serialized files (Serialized files now loaded: 0)
System memory in use before: 74.3 MB.
System memory in use after: 74.4 MB.

Unloading 5 unused Assets to reduce memory usage. Loaded Objects now: 1625.
Total: 3.122100 ms (FindLiveObjects: 0.327200 ms CreateObjectMapping: 0.098200 ms MarkObjects: 2.610800 ms  DeleteObjects: 0.083300 ms)

========================================================================
Received Import Request.
  Time since last request: 97.914665 seconds.
  path: Assets/Models/GirlAnimations/Girl@Idle.fbx
  artifactKey: Guid(7618bcc8b233f3c48ade8659398decd1) Importer(815301076,1909f56bfc062723c751e8b465ee728b)
Start importing Assets/Models/GirlAnimations/Girl@Idle.fbx using Guid(7618bcc8b233f3c48ade8659398decd1) Importer(815301076,1909f56bfc062723c751e8b465ee728b)  -> (artifact id: 'cddebc77681543bc68aed4e96f3b58cd') in 0.043152 seconds
  Import took 0.047311 seconds .

========================================================================
Received Import Request.
  Time since last request: 2.447472 seconds.
  path: Assets/Models/GirlAnimations/Girl@Idle.fbx
  artifactKey: Guid(7618bcc8b233f3c48ade8659398decd1) Importer(815301076,1909f56bfc062723c751e8b465ee728b)
Start importing Assets/Models/GirlAnimations/Girl@Idle.fbx using Guid(7618bcc8b233f3c48ade8659398decd1) Importer(815301076,1909f56bfc062723c751e8b465ee728b)  -> (artifact id: 'cddebc77681543bc68aed4e96f3b58cd') in 0.011366 seconds
  Import took 0.016419 seconds .

========================================================================
Received Prepare
Registering precompiled user dll's ...
Registered in 0.001265 seconds.
Begin MonoManager ReloadAssembly
Native extension for WindowsStandalone target not found
Refreshing native plugins compatible for Editor in 0.55 ms, found 0 plugins.
Preloading 0 native plugins for Editor in 0.00 ms.
Invoked RoslynAnalysisRunner static constructor.
RoslynAnalysisRunner will not be running.
RoslynAnalysisRunner has terminated.
Mono: successfully reloaded assembly
- Completed reload, in  3.734 seconds
Platform modules already initialized, skipping
Refreshing native plugins compatible for Editor in 0.45 ms, found 0 plugins.
Preloading 0 native plugins for Editor in 0.00 ms.
Unloading 1112 Unused Serialized files (Serialized files now loaded: 0)
System memory in use before: 74.3 MB.
System memory in use after: 74.4 MB.

Unloading 5 unused Assets to reduce memory usage. Loaded Objects now: 1628.
Total: 8.634900 ms (FindLiveObjects: 0.394300 ms CreateObjectMapping: 0.162300 ms MarkObjects: 7.922800 ms  DeleteObjects: 0.153000 ms)

========================================================================
Received Import Request.
  Time since last request: 85.068840 seconds.
  path: Assets/Models/GirlAnimations/Girl@Walking.fbx
  artifactKey: Guid(a1123ce3cbacfe441824b3601249725a) Importer(815301076,1909f56bfc062723c751e8b465ee728b)
Start importing Assets/Models/GirlAnimations/Girl@Walking.fbx using Guid(a1123ce3cbacfe441824b3601249725a) Importer(815301076,1909f56bfc062723c751e8b465ee728b)  -> (artifact id: '338115c6076c53b5188cb34807710098') in 0.069915 seconds
  Import took 0.077160 seconds .

========================================================================
Received Prepare
Registering precompiled user dll's ...
Registered in 0.007817 seconds.
Begin MonoManager ReloadAssembly
Native extension for WindowsStandalone target not found
Refreshing native plugins compatible for Editor in 0.31 ms, found 0 plugins.
Preloading 0 native plugins for Editor in 0.00 ms.
Invoked RoslynAnalysisRunner static constructor.
RoslynAnalysisRunner will not be running.
RoslynAnalysisRunner has terminated.
Mono: successfully reloaded assembly
- Completed reload, in  3.316 seconds
Platform modules already initialized, skipping
Refreshing native plugins compatible for Editor in 0.41 ms, found 0 plugins.
Preloading 0 native plugins for Editor in 0.00 ms.
Unloading 1113 Unused Serialized files (Serialized files now loaded: 0)
System memory in use before: 74.4 MB.
System memory in use after: 74.5 MB.

Unloading 5 unused Assets to reduce memory usage. Loaded Objects now: 1632.
Total: 11.964600 ms (FindLiveObjects: 0.514500 ms CreateObjectMapping: 1.497700 ms MarkObjects: 9.837100 ms  DeleteObjects: 0.109400 ms)

========================================================================
Received Import Request.
  Time since last request: 86.506160 seconds.
  path: Assets/CharacterMovement.cs
  artifactKey: Guid(f2b6442756541214897a486ccaff8328) Importer(815301076,1909f56bfc062723c751e8b465ee728b)
Start importing Assets/CharacterMovement.cs using Guid(f2b6442756541214897a486ccaff8328) Importer(815301076,1909f56bfc062723c751e8b465ee728b)  -> (artifact id: '07defd933ebe7969c7fba07dd41dd80e') in 0.019501 seconds
  Import took 0.061846 seconds .

========================================================================
Received Prepare
Registering precompiled user dll's ...
Registered in 0.001358 seconds.
Begin MonoManager ReloadAssembly
Native extension for WindowsStandalone target not found
Refreshing native plugins compatible for Editor in 0.37 ms, found 0 plugins.
Preloading 0 native plugins for Editor in 0.00 ms.
Invoked RoslynAnalysisRunner static constructor.
RoslynAnalysisRunner will not be running.
RoslynAnalysisRunner has terminated.
Mono: successfully reloaded assembly
- Completed reload, in  3.284 seconds
Platform modules already initialized, skipping
Refreshing native plugins compatible for Editor in 0.85 ms, found 0 plugins.
Preloading 0 native plugins for Editor in 0.00 ms.
Unloading 1113 Unused Serialized files (Serialized files now loaded: 0)
System memory in use before: 74.4 MB.
System memory in use after: 74.5 MB.

Unloading 5 unused Assets to reduce memory usage. Loaded Objects now: 1635.
Total: 6.532700 ms (FindLiveObjects: 0.856900 ms CreateObjectMapping: 0.909300 ms MarkObjects: 4.543800 ms  DeleteObjects: 0.215100 ms)

========================================================================
Received Prepare
Registering precompiled user dll's ...
Registered in 0.001082 seconds.
Begin MonoManager ReloadAssembly
Native extension for WindowsStandalone target not found
Refreshing native plugins compatible for Editor in 0.44 ms, found 0 plugins.
Preloading 0 native plugins for Editor in 0.00 ms.
Invoked RoslynAnalysisRunner static constructor.
RoslynAnalysisRunner will not be running.
RoslynAnalysisRunner has terminated.
Mono: successfully reloaded assembly
- Completed reload, in  1.317 seconds
Platform modules already initialized, skipping
Refreshing native plugins compatible for Editor in 0.51 ms, found 0 plugins.
Preloading 0 native plugins for Editor in 0.00 ms.
Unloading 1113 Unused Serialized files (Serialized files now loaded: 0)
System memory in use before: 74.4 MB.
System memory in use after: 74.5 MB.

Unloading 5 unused Assets to reduce memory usage. Loaded Objects now: 1638.
Total: 2.247700 ms (FindLiveObjects: 0.228800 ms CreateObjectMapping: 0.050400 ms MarkObjects: 1.898400 ms  DeleteObjects: 0.068400 ms)

========================================================================
Received Import Request.
  Time since last request: 425.070774 seconds.
  path: Assets/Scripts/Tail.cs
  artifactKey: Guid(0ab4fa2f237dada48b29e4ece8d4d122) Importer(815301076,1909f56bfc062723c751e8b465ee728b)
Start importing Assets/Scripts/Tail.cs using Guid(0ab4fa2f237dada48b29e4ece8d4d122) Importer(815301076,1909f56bfc062723c751e8b465ee728b)  -> (artifact id: '51dae9e3860ef43fb26eac537c1d7e4a') in 0.004650 seconds
  Import took 0.007395 seconds .

========================================================================
Received Prepare
Registering precompiled user dll's ...
Registered in 0.001298 seconds.
Begin MonoManager ReloadAssembly
Native extension for WindowsStandalone target not found
Refreshing native plugins compatible for Editor in 0.44 ms, found 0 plugins.
Preloading 0 native plugins for Editor in 0.00 ms.
Invoked RoslynAnalysisRunner static constructor.
RoslynAnalysisRunner will not be running.
RoslynAnalysisRunner has terminated.
Mono: successfully reloaded assembly
- Completed reload, in  1.455 seconds
Platform modules already initialized, skipping
Refreshing native plugins compatible for Editor in 0.57 ms, found 0 plugins.
Preloading 0 native plugins for Editor in 0.00 ms.
Unloading 1113 Unused Serialized files (Serialized files now loaded: 0)
System memory in use before: 74.4 MB.
System memory in use after: 74.5 MB.

Unloading 5 unused Assets to reduce memory usage. Loaded Objects now: 1641.
Total: 3.969700 ms (FindLiveObjects: 0.320400 ms CreateObjectMapping: 0.113900 ms MarkObjects: 3.374100 ms  DeleteObjects: 0.158300 ms)

========================================================================
Received Import Request.
  Time since last request: 103.645965 seconds.
  path: Assets/Scripts/Tail.cs
  artifactKey: Guid(0ab4fa2f237dada48b29e4ece8d4d122) Importer(815301076,1909f56bfc062723c751e8b465ee728b)
Start importing Assets/Scripts/Tail.cs using Guid(0ab4fa2f237dada48b29e4ece8d4d122) Importer(815301076,1909f56bfc062723c751e8b465ee728b)  -> (artifact id: 'adf54d6b3444762e6265d13357a25417') in 0.006685 seconds
  Import took 0.010656 seconds .

========================================================================
Received Prepare
Registering precompiled user dll's ...
Registered in 0.001392 seconds.
Begin MonoManager ReloadAssembly
Native extension for WindowsStandalone target not found
Refreshing native plugins compatible for Editor in 0.49 ms, found 0 plugins.
Preloading 0 native plugins for Editor in 0.00 ms.
Invoked RoslynAnalysisRunner static constructor.
RoslynAnalysisRunner will not be running.
RoslynAnalysisRunner has terminated.
Mono: successfully reloaded assembly
- Completed reload, in  1.364 seconds
Platform modules already initialized, skipping
Refreshing native plugins compatible for Editor in 0.50 ms, found 0 plugins.
Preloading 0 native plugins for Editor in 0.00 ms.
Unloading 1113 Unused Serialized files (Serialized files now loaded: 0)
System memory in use before: 74.4 MB.
System memory in use after: 74.5 MB.

Unloading 5 unused Assets to reduce memory usage. Loaded Objects now: 1644.
Total: 2.462800 ms (FindLiveObjects: 0.227800 ms CreateObjectMapping: 0.072200 ms MarkObjects: 2.091100 ms  DeleteObjects: 0.069900 ms)

========================================================================
Received Prepare
Registering precompiled user dll's ...
Registered in 0.001202 seconds.
Begin MonoManager ReloadAssembly
Native extension for WindowsStandalone target not found
Refreshing native plugins compatible for Editor in 0.28 ms, found 0 plugins.
Preloading 0 native plugins for Editor in 0.00 ms.
Invoked RoslynAnalysisRunner static constructor.
RoslynAnalysisRunner will not be running.
RoslynAnalysisRunner has terminated.
Mono: successfully reloaded assembly
- Completed reload, in  1.349 seconds
Platform modules already initialized, skipping
Refreshing native plugins compatible for Editor in 0.61 ms, found 0 plugins.
Preloading 0 native plugins for Editor in 0.00 ms.
Unloading 1113 Unused Serialized files (Serialized files now loaded: 0)
System memory in use before: 74.4 MB.
System memory in use after: 74.5 MB.

Unloading 5 unused Assets to reduce memory usage. Loaded Objects now: 1647.
Total: 2.447900 ms (FindLiveObjects: 0.324200 ms CreateObjectMapping: 0.065700 ms MarkObjects: 1.985100 ms  DeleteObjects: 0.070300 ms)

========================================================================
Received Import Request.
  Time since last request: 408.445291 seconds.
  path: Assets/Prefabs/Girl.prefab
  artifactKey: Guid(ec70fdcef13b76546a0086f6331b867f) Importer(815301076,1909f56bfc062723c751e8b465ee728b)
Start importing Assets/Prefabs/Girl.prefab using Guid(ec70fdcef13b76546a0086f6331b867f) Importer(815301076,1909f56bfc062723c751e8b465ee728b) The Animator Controller (Girl) you have used is not valid. Animations will not play
UnityEngine.StackTraceUtility:ExtractStackTrace ()
UnityEditor.EditorUtility:Internal_InstantiateRemoveAllNonAnimationComponentsSingle (UnityEngine.Object,UnityEngine.Vector3,UnityEngine.Quaternion)
UnityEditor.EditorUtility:InstantiateRemoveAllNonAnimationComponents (UnityEngine.Object,UnityEngine.Vector3,UnityEngine.Quaternion)
UnityEditor.EditorUtility:InstantiateForAnimatorPreview (UnityEngine.Object)
UnityEditor.GameObjectInspector/PreviewData:UpdateGameObject (UnityEngine.Object)
UnityEditor.GameObjectInspector/PreviewData:.ctor (UnityEngine.Object)
UnityEditor.GameObjectInspector:GetPreviewData ()
UnityEditor.GameObjectInspector:RenderStaticPreview (string,UnityEngine.Object[],int,int)
UnityEditor.AssetPreviewUpdater:CreatePreviewForAsset (UnityEngine.Object,UnityEngine.Object[],string)

[C:\buildslave\unity\build\Modules/Animation/Director/AnimatorControllerPlayable.cpp line 333]

The Animator Controller (Girl) you have used is not valid. Animations will not play
UnityEngine.StackTraceUtility:ExtractStackTrace ()
UnityEditor.EditorUtility:InitInstantiatedPreviewRecursive (UnityEngine.GameObject)
UnityEditor.EditorUtility:InstantiateForAnimatorPreview (UnityEngine.Object)
UnityEditor.GameObjectInspector/PreviewData:UpdateGameObject (UnityEngine.Object)
UnityEditor.GameObjectInspector/PreviewData:.ctor (UnityEngine.Object)
UnityEditor.GameObjectInspector:GetPreviewData ()
UnityEditor.GameObjectInspector:RenderStaticPreview (string,UnityEngine.Object[],int,int)
UnityEditor.AssetPreviewUpdater:CreatePreviewForAsset (UnityEngine.Object,UnityEngine.Object[],string)

[C:\buildslave\unity\build\Modules/Animation/Director/AnimatorControllerPlayable.cpp line 333]

 -> (artifact id: '05a4ca10abc5801586dd9869998141e2') in 0.170273 seconds
  Import took 0.174791 seconds .

========================================================================
Received Import Request.
  Time since last request: 0.024996 seconds.
  path: Assets/Prefabs/Girl.prefab
  artifactKey: Guid(ec70fdcef13b76546a0086f6331b867f) Importer(815301076,1909f56bfc062723c751e8b465ee728b)
Start importing Assets/Prefabs/Girl.prefab using Guid(ec70fdcef13b76546a0086f6331b867f) Importer(815301076,1909f56bfc062723c751e8b465ee728b) The Animator Controller (Girl) you have used is not valid. Animations will not play
UnityEngine.StackTraceUtility:ExtractStackTrace ()
UnityEditor.EditorUtility:Internal_InstantiateRemoveAllNonAnimationComponentsSingle (UnityEngine.Object,UnityEngine.Vector3,UnityEngine.Quaternion)
UnityEditor.EditorUtility:InstantiateRemoveAllNonAnimationComponents (UnityEngine.Object,UnityEngine.Vector3,UnityEngine.Quaternion)
UnityEditor.EditorUtility:InstantiateForAnimatorPreview (UnityEngine.Object)
UnityEditor.GameObjectInspector/PreviewData:UpdateGameObject (UnityEngine.Object)
UnityEditor.GameObjectInspector/PreviewData:.ctor (UnityEngine.Object)
UnityEditor.GameObjectInspector:GetPreviewData ()
UnityEditor.GameObjectInspector:RenderStaticPreview (string,UnityEngine.Object[],int,int)
UnityEditor.AssetPreviewUpdater:CreatePreviewForAsset (UnityEngine.Object,UnityEngine.Object[],string)

[C:\buildslave\unity\build\Modules/Animation/Director/AnimatorControllerPlayable.cpp line 333]

The Animator Controller (Girl) you have used is not valid. Animations will not play
UnityEngine.StackTraceUtility:ExtractStackTrace ()
UnityEditor.EditorUtility:InitInstantiatedPreviewRecursive (UnityEngine.GameObject)
UnityEditor.EditorUtility:InstantiateForAnimatorPreview (UnityEngine.Object)
UnityEditor.GameObjectInspector/PreviewData:UpdateGameObject (UnityEngine.Object)
UnityEditor.GameObjectInspector/PreviewData:.ctor (UnityEngine.Object)
UnityEditor.GameObjectInspector:GetPreviewData ()
UnityEditor.GameObjectInspector:RenderStaticPreview (string,UnityEngine.Object[],int,int)
UnityEditor.AssetPreviewUpdater:CreatePreviewForAsset (UnityEngine.Object,UnityEngine.Object[],string)

[C:\buildslave\unity\build\Modules/Animation/Director/AnimatorControllerPlayable.cpp line 333]

 -> (artifact id: '05a4ca10abc5801586dd9869998141e2') in 0.034404 seconds
  Import took 0.042033 seconds .

========================================================================
Received Prepare
Registering precompiled user dll's ...
Registered in 0.001024 seconds.
Begin MonoManager ReloadAssembly
Native extension for WindowsStandalone target not found
Refreshing native plugins compatible for Editor in 0.29 ms, found 0 plugins.
Preloading 0 native plugins for Editor in 0.00 ms.
Invoked RoslynAnalysisRunner static constructor.
RoslynAnalysisRunner will not be running.
RoslynAnalysisRunner has terminated.
Mono: successfully reloaded assembly
- Completed reload, in  1.246 seconds
Platform modules already initialized, skipping
Refreshing native plugins compatible for Editor in 0.44 ms, found 0 plugins.
Preloading 0 native plugins for Editor in 0.00 ms.
Unloading 1113 Unused Serialized files (Serialized files now loaded: 0)
System memory in use before: 74.6 MB.
System memory in use after: 74.7 MB.

Unloading 5 unused Assets to reduce memory usage. Loaded Objects now: 1651.
Total: 2.665000 ms (FindLiveObjects: 0.205800 ms CreateObjectMapping: 0.066800 ms MarkObjects: 2.322300 ms  DeleteObjects: 0.068500 ms)

========================================================================
Received Import Request.
  Time since last request: 77.935809 seconds.
  path: Assets/Models/GirlAnimations/Girl@Walking.fbx
  artifactKey: Guid(a1123ce3cbacfe441824b3601249725a) Importer(815301076,1909f56bfc062723c751e8b465ee728b)
Start importing Assets/Models/GirlAnimations/Girl@Walking.fbx using Guid(a1123ce3cbacfe441824b3601249725a) Importer(815301076,1909f56bfc062723c751e8b465ee728b)  -> (artifact id: '92ff6ed93f9d74a849aaf87e46b3e417') in 0.039872 seconds
  Import took 0.043882 seconds .

========================================================================
Received Import Request.
  Time since last request: 21.770087 seconds.
  path: Assets/Models/GirlAnimations/Girl@Walking.fbx
  artifactKey: Guid(a1123ce3cbacfe441824b3601249725a) Importer(815301076,1909f56bfc062723c751e8b465ee728b)
Start importing Assets/Models/GirlAnimations/Girl@Walking.fbx using Guid(a1123ce3cbacfe441824b3601249725a) Importer(815301076,1909f56bfc062723c751e8b465ee728b)  -> (artifact id: '72846ba447ec598890e9bca196b242e1') in 0.010908 seconds
  Import took 0.015125 seconds .

========================================================================
Received Import Request.
  Time since last request: 13.656787 seconds.
  path: Assets/Models/GirlAnimations/Girl@Walking.fbx
  artifactKey: Guid(a1123ce3cbacfe441824b3601249725a) Importer(815301076,1909f56bfc062723c751e8b465ee728b)
Start importing Assets/Models/GirlAnimations/Girl@Walking.fbx using Guid(a1123ce3cbacfe441824b3601249725a) Importer(815301076,1909f56bfc062723c751e8b465ee728b)  -> (artifact id: '7b509aacab264204da36eaea87275521') in 0.009026 seconds
  Import took 0.013513 seconds .

========================================================================
Received Import Request.
  Time since last request: 0.001860 seconds.
  path: Assets/Models/GirlAnimations/Girl@Walking.fbx
  artifactKey: Guid(a1123ce3cbacfe441824b3601249725a) Importer(815301076,1909f56bfc062723c751e8b465ee728b)
Start importing Assets/Models/GirlAnimations/Girl@Walking.fbx using Guid(a1123ce3cbacfe441824b3601249725a) Importer(815301076,1909f56bfc062723c751e8b465ee728b)  -> (artifact id: '7b509aacab264204da36eaea87275521') in 0.012276 seconds
  Import took 0.017392 seconds .

========================================================================
Received Prepare
Registering precompiled user dll's ...
Registered in 0.001361 seconds.
Begin MonoManager ReloadAssembly
Native extension for WindowsStandalone target not found
Refreshing native plugins compatible for Editor in 0.42 ms, found 0 plugins.
Preloading 0 native plugins for Editor in 0.00 ms.
Invoked RoslynAnalysisRunner static constructor.
RoslynAnalysisRunner will not be running.
RoslynAnalysisRunner has terminated.
Mono: successfully reloaded assembly
- Completed reload, in  2.258 seconds
Platform modules already initialized, skipping
Refreshing native plugins compatible for Editor in 0.37 ms, found 0 plugins.
Preloading 0 native plugins for Editor in 0.00 ms.
Unloading 1113 Unused Serialized files (Serialized files now loaded: 0)
System memory in use before: 74.6 MB.
System memory in use after: 74.7 MB.

Unloading 5 unused Assets to reduce memory usage. Loaded Objects now: 1654.
Total: 3.884500 ms (FindLiveObjects: 0.334200 ms CreateObjectMapping: 0.061100 ms MarkObjects: 3.258200 ms  DeleteObjects: 0.227000 ms)

========================================================================
Received Import Request.
  Time since last request: 5194.885472 seconds.
  path: Assets/Prefabs/Girl.prefab
  artifactKey: Guid(ec70fdcef13b76546a0086f6331b867f) Importer(815301076,1909f56bfc062723c751e8b465ee728b)
Start importing Assets/Prefabs/Girl.prefab using Guid(ec70fdcef13b76546a0086f6331b867f) Importer(815301076,1909f56bfc062723c751e8b465ee728b) The Animator Controller (Girl) you have used is not valid. Animations will not play
UnityEngine.StackTraceUtility:ExtractStackTrace ()
UnityEditor.EditorUtility:Internal_InstantiateRemoveAllNonAnimationComponentsSingle (UnityEngine.Object,UnityEngine.Vector3,UnityEngine.Quaternion)
UnityEditor.EditorUtility:InstantiateRemoveAllNonAnimationComponents (UnityEngine.Object,UnityEngine.Vector3,UnityEngine.Quaternion)
UnityEditor.EditorUtility:InstantiateForAnimatorPreview (UnityEngine.Object)
UnityEditor.GameObjectInspector/PreviewData:UpdateGameObject (UnityEngine.Object)
UnityEditor.GameObjectInspector/PreviewData:.ctor (UnityEngine.Object)
UnityEditor.GameObjectInspector:GetPreviewData ()
UnityEditor.GameObjectInspector:RenderStaticPreview (string,UnityEngine.Object[],int,int)
UnityEditor.AssetPreviewUpdater:CreatePreviewForAsset (UnityEngine.Object,UnityEngine.Object[],string)

[C:\buildslave\unity\build\Modules/Animation/Director/AnimatorControllerPlayable.cpp line 333]

The Animator Controller (Girl) you have used is not valid. Animations will not play
UnityEngine.StackTraceUtility:ExtractStackTrace ()
UnityEditor.EditorUtility:InitInstantiatedPreviewRecursive (UnityEngine.GameObject)
UnityEditor.EditorUtility:InstantiateForAnimatorPreview (UnityEngine.Object)
UnityEditor.GameObjectInspector/PreviewData:UpdateGameObject (UnityEngine.Object)
UnityEditor.GameObjectInspector/PreviewData:.ctor (UnityEngine.Object)
UnityEditor.GameObjectInspector:GetPreviewData ()
UnityEditor.GameObjectInspector:RenderStaticPreview (string,UnityEngine.Object[],int,int)
UnityEditor.AssetPreviewUpdater:CreatePreviewForAsset (UnityEngine.Object,UnityEngine.Object[],string)

[C:\buildslave\unity\build\Modules/Animation/Director/AnimatorControllerPlayable.cpp line 333]

 -> (artifact id: 'e3403cf58cea93a26d008ff42602c2b2') in 0.203025 seconds
  Import took 0.208312 seconds .

========================================================================
Received Prepare
Registering precompiled user dll's ...
Registered in 0.000905 seconds.
Begin MonoManager ReloadAssembly
Native extension for WindowsStandalone target not found
Refreshing native plugins compatible for Editor in 0.50 ms, found 0 plugins.
Preloading 0 native plugins for Editor in 0.00 ms.
Invoked RoslynAnalysisRunner static constructor.
RoslynAnalysisRunner will not be running.
RoslynAnalysisRunner has terminated.
Mono: successfully reloaded assembly
- Completed reload, in  1.227 seconds
Platform modules already initialized, skipping
Refreshing native plugins compatible for Editor in 0.26 ms, found 0 plugins.
Preloading 0 native plugins for Editor in 0.00 ms.
Unloading 1113 Unused Serialized files (Serialized files now loaded: 0)
System memory in use before: 74.7 MB.
System memory in use after: 74.7 MB.

Unloading 5 unused Assets to reduce memory usage. Loaded Objects now: 1658.
Total: 2.370400 ms (FindLiveObjects: 0.179800 ms CreateObjectMapping: 0.053100 ms MarkObjects: 2.070100 ms  DeleteObjects: 0.065600 ms)

========================================================================
Received Import Request.
  Time since last request: 5.898849 seconds.
  path: Assets/Prefabs/Cube.prefab
  artifactKey: Guid(3ec5787eb296dd440b7bcbff78fd1c97) Importer(815301076,1909f56bfc062723c751e8b465ee728b)
Start importing Assets/Prefabs/Cube.prefab using Guid(3ec5787eb296dd440b7bcbff78fd1c97) Importer(815301076,1909f56bfc062723c751e8b465ee728b)  -> (artifact id: '2e40b51bd036a00243e4f2002785392e') in 0.072273 seconds
  Import took 0.077006 seconds .

========================================================================
Received Import Request.
  Time since last request: 6.322020 seconds.
  path: Assets/Prefabs/Cube.prefab
  artifactKey: Guid(3ec5787eb296dd440b7bcbff78fd1c97) Importer(815301076,1909f56bfc062723c751e8b465ee728b)
Start importing Assets/Prefabs/Cube.prefab using Guid(3ec5787eb296dd440b7bcbff78fd1c97) Importer(815301076,1909f56bfc062723c751e8b465ee728b)  -> (artifact id: '44265b1c964c3e18beb95b9deb2c14bb') in 0.013877 seconds
  Import took 0.018432 seconds .

========================================================================
Received Import Request.
  Time since last request: 0.071839 seconds.
  path: Assets/Prefabs/Cube.prefab
  artifactKey: Guid(3ec5787eb296dd440b7bcbff78fd1c97) Importer(815301076,1909f56bfc062723c751e8b465ee728b)
Start importing Assets/Prefabs/Cube.prefab using Guid(3ec5787eb296dd440b7bcbff78fd1c97) Importer(815301076,1909f56bfc062723c751e8b465ee728b)  -> (artifact id: '44265b1c964c3e18beb95b9deb2c14bb') in 0.019007 seconds
  Import took 0.023512 seconds .

========================================================================
Received Import Request.
  Time since last request: 0.854308 seconds.
  path: Assets/Prefabs/Cube.prefab
  artifactKey: Guid(3ec5787eb296dd440b7bcbff78fd1c97) Importer(815301076,1909f56bfc062723c751e8b465ee728b)
Start importing Assets/Prefabs/Cube.prefab using Guid(3ec5787eb296dd440b7bcbff78fd1c97) Importer(815301076,1909f56bfc062723c751e8b465ee728b)  -> (artifact id: '449c55a58327f6935bdee1aba1d54cb6') in 0.015891 seconds
  Import took 0.020051 seconds .

========================================================================
Received Import Request.
  Time since last request: 0.073666 seconds.
  path: Assets/Prefabs/Cube.prefab
  artifactKey: Guid(3ec5787eb296dd440b7bcbff78fd1c97) Importer(815301076,1909f56bfc062723c751e8b465ee728b)
Start importing Assets/Prefabs/Cube.prefab using Guid(3ec5787eb296dd440b7bcbff78fd1c97) Importer(815301076,1909f56bfc062723c751e8b465ee728b)  -> (artifact id: '449c55a58327f6935bdee1aba1d54cb6') in 0.016746 seconds
  Import took 0.021403 seconds .

========================================================================
Received Prepare
Registering precompiled user dll's ...
Registered in 0.001074 seconds.
Begin MonoManager ReloadAssembly
Native extension for WindowsStandalone target not found
Refreshing native plugins compatible for Editor in 1.30 ms, found 0 plugins.
Preloading 0 native plugins for Editor in 0.00 ms.
Invoked RoslynAnalysisRunner static constructor.
RoslynAnalysisRunner will not be running.
RoslynAnalysisRunner has terminated.
Mono: successfully reloaded assembly
- Completed reload, in  1.536 seconds
Platform modules already initialized, skipping
Refreshing native plugins compatible for Editor in 0.31 ms, found 0 plugins.
Preloading 0 native plugins for Editor in 0.00 ms.
Unloading 1113 Unused Serialized files (Serialized files now loaded: 0)
System memory in use before: 74.7 MB.
System memory in use after: 74.8 MB.

Unloading 5 unused Assets to reduce memory usage. Loaded Objects now: 1662.
Total: 7.307900 ms (FindLiveObjects: 2.506800 ms CreateObjectMapping: 0.703300 ms MarkObjects: 3.993500 ms  DeleteObjects: 0.091000 ms)

========================================================================
Received Import Request.
  Time since last request: 660.723708 seconds.
  path: Assets/Prefabs/ConfigurableJoint.prefab
  artifactKey: Guid(ba4ae8765db0f7643a619d27d72daa90) Importer(815301076,1909f56bfc062723c751e8b465ee728b)
Start importing Assets/Prefabs/ConfigurableJoint.prefab using Guid(ba4ae8765db0f7643a619d27d72daa90) Importer(815301076,1909f56bfc062723c751e8b465ee728b)  -> (artifact id: '8203bfc918750de49e977b8e01c5900b') in 0.124871 seconds
  Import took 0.130076 seconds .

========================================================================
Received Import Request.
  Time since last request: 0.001852 seconds.
  path: Assets/Prefabs/Girl.prefab
  artifactKey: Guid(ec70fdcef13b76546a0086f6331b867f) Importer(815301076,1909f56bfc062723c751e8b465ee728b)
Start importing Assets/Prefabs/Girl.prefab using Guid(ec70fdcef13b76546a0086f6331b867f) Importer(815301076,1909f56bfc062723c751e8b465ee728b) The Animator Controller (Girl) you have used is not valid. Animations will not play
UnityEngine.StackTraceUtility:ExtractStackTrace ()
UnityEditor.EditorUtility:Internal_InstantiateRemoveAllNonAnimationComponentsSingle (UnityEngine.Object,UnityEngine.Vector3,UnityEngine.Quaternion)
UnityEditor.EditorUtility:InstantiateRemoveAllNonAnimationComponents (UnityEngine.Object,UnityEngine.Vector3,UnityEngine.Quaternion)
UnityEditor.EditorUtility:InstantiateForAnimatorPreview (UnityEngine.Object)
UnityEditor.GameObjectInspector/PreviewData:UpdateGameObject (UnityEngine.Object)
UnityEditor.GameObjectInspector/PreviewData:.ctor (UnityEngine.Object)
UnityEditor.GameObjectInspector:GetPreviewData ()
UnityEditor.GameObjectInspector:RenderStaticPreview (string,UnityEngine.Object[],int,int)
UnityEditor.AssetPreviewUpdater:CreatePreviewForAsset (UnityEngine.Object,UnityEngine.Object[],string)

[C:\buildslave\unity\build\Modules/Animation/Director/AnimatorControllerPlayable.cpp line 333]

The Animator Controller (Girl) you have used is not valid. Animations will not play
UnityEngine.StackTraceUtility:ExtractStackTrace ()
UnityEditor.EditorUtility:InitInstantiatedPreviewRecursive (UnityEngine.GameObject)
UnityEditor.EditorUtility:InstantiateForAnimatorPreview (UnityEngine.Object)
UnityEditor.GameObjectInspector/PreviewData:UpdateGameObject (UnityEngine.Object)
UnityEditor.GameObjectInspector/PreviewData:.ctor (UnityEngine.Object)
UnityEditor.GameObjectInspector:GetPreviewData ()
UnityEditor.GameObjectInspector:RenderStaticPreview (string,UnityEngine.Object[],int,int)
UnityEditor.AssetPreviewUpdater:CreatePreviewForAsset (UnityEngine.Object,UnityEngine.Object[],string)

[C:\buildslave\unity\build\Modules/Animation/Director/AnimatorControllerPlayable.cpp line 333]

 -> (artifact id: 'a6bf3a86c9d0dba774487b2985c36a2b') in 0.060013 seconds
  Import took 0.070365 seconds .

========================================================================
Received Prepare
Registering precompiled user dll's ...
Registered in 0.001022 seconds.
Begin MonoManager ReloadAssembly
Native extension for WindowsStandalone target not found
Refreshing native plugins compatible for Editor in 0.33 ms, found 0 plugins.
Preloading 0 native plugins for Editor in 0.00 ms.
Invoked RoslynAnalysisRunner static constructor.
RoslynAnalysisRunner will not be running.
RoslynAnalysisRunner has terminated.
Mono: successfully reloaded assembly
- Completed reload, in  1.350 seconds
Platform modules already initialized, skipping
Refreshing native plugins compatible for Editor in 0.28 ms, found 0 plugins.
Preloading 0 native plugins for Editor in 0.00 ms.
Unloading 1113 Unused Serialized files (Serialized files now loaded: 0)
System memory in use before: 74.7 MB.
System memory in use after: 74.8 MB.

Unloading 5 unused Assets to reduce memory usage. Loaded Objects now: 1666.
Total: 2.568100 ms (FindLiveObjects: 0.219900 ms CreateObjectMapping: 0.080500 ms MarkObjects: 2.182300 ms  DeleteObjects: 0.083800 ms)

========================================================================
Received Prepare
Registering precompiled user dll's ...
Registered in 0.001422 seconds.
Begin MonoManager ReloadAssembly
Native extension for WindowsStandalone target not found
Refreshing native plugins compatible for Editor in 0.45 ms, found 0 plugins.
Preloading 0 native plugins for Editor in 0.00 ms.
Invoked RoslynAnalysisRunner static constructor.
RoslynAnalysisRunner will not be running.
RoslynAnalysisRunner has terminated.
Mono: successfully reloaded assembly
- Completed reload, in  1.236 seconds
Platform modules already initialized, skipping
Refreshing native plugins compatible for Editor in 0.26 ms, found 0 plugins.
Preloading 0 native plugins for Editor in 0.00 ms.
Unloading 1113 Unused Serialized files (Serialized files now loaded: 0)
System memory in use before: 74.7 MB.
System memory in use after: 74.8 MB.

Unloading 5 unused Assets to reduce memory usage. Loaded Objects now: 1669.
Total: 3.602000 ms (FindLiveObjects: 0.374800 ms CreateObjectMapping: 0.129100 ms MarkObjects: 2.940300 ms  DeleteObjects: 0.154700 ms)

========================================================================
Received Prepare
Registering precompiled user dll's ...
Registered in 0.001416 seconds.
Begin MonoManager ReloadAssembly
Native extension for WindowsStandalone target not found
Refreshing native plugins compatible for Editor in 0.43 ms, found 0 plugins.
Preloading 0 native plugins for Editor in 0.00 ms.
Invoked RoslynAnalysisRunner static constructor.
RoslynAnalysisRunner will not be running.
RoslynAnalysisRunner has terminated.
Mono: successfully reloaded assembly
- Completed reload, in  1.566 seconds
Platform modules already initialized, skipping
Refreshing native plugins compatible for Editor in 0.27 ms, found 0 plugins.
Preloading 0 native plugins for Editor in 0.00 ms.
Unloading 1113 Unused Serialized files (Serialized files now loaded: 0)
System memory in use before: 74.7 MB.
System memory in use after: 74.7 MB.

Unloading 5 unused Assets to reduce memory usage. Loaded Objects now: 1672.
Total: 2.844900 ms (FindLiveObjects: 0.323300 ms CreateObjectMapping: 0.100300 ms MarkObjects: 2.337600 ms  DeleteObjects: 0.081600 ms)

========================================================================
Received Prepare
Registering precompiled user dll's ...
Registered in 0.001179 seconds.
Begin MonoManager ReloadAssembly
Native extension for WindowsStandalone target not found
Refreshing native plugins compatible for Editor in 0.29 ms, found 0 plugins.
Preloading 0 native plugins for Editor in 0.00 ms.
Invoked RoslynAnalysisRunner static constructor.
RoslynAnalysisRunner will not be running.
RoslynAnalysisRunner has terminated.
Mono: successfully reloaded assembly
- Completed reload, in  1.301 seconds
Platform modules already initialized, skipping
Refreshing native plugins compatible for Editor in 0.27 ms, found 0 plugins.
Preloading 0 native plugins for Editor in 0.00 ms.
Unloading 1113 Unused Serialized files (Serialized files now loaded: 0)
System memory in use before: 74.7 MB.
System memory in use after: 74.8 MB.

Unloading 5 unused Assets to reduce memory usage. Loaded Objects now: 1675.
Total: 2.302000 ms (FindLiveObjects: 0.246300 ms CreateObjectMapping: 0.061300 ms MarkObjects: 1.920300 ms  DeleteObjects: 0.072400 ms)

========================================================================
Received Prepare
Registering precompiled user dll's ...
Registered in 0.003787 seconds.
Begin MonoManager ReloadAssembly
Native extension for WindowsStandalone target not found
Refreshing native plugins compatible for Editor in 0.47 ms, found 0 plugins.
Preloading 0 native plugins for Editor in 0.00 ms.
Invoked RoslynAnalysisRunner static constructor.
RoslynAnalysisRunner will not be running.
RoslynAnalysisRunner has terminated.
Mono: successfully reloaded assembly
- Completed reload, in  1.311 seconds
Platform modules already initialized, skipping
Refreshing native plugins compatible for Editor in 0.41 ms, found 0 plugins.
Preloading 0 native plugins for Editor in 0.00 ms.
Unloading 1113 Unused Serialized files (Serialized files now loaded: 0)
System memory in use before: 74.7 MB.
System memory in use after: 74.8 MB.

Unloading 5 unused Assets to reduce memory usage. Loaded Objects now: 1678.
Total: 2.437100 ms (FindLiveObjects: 0.234000 ms CreateObjectMapping: 0.065300 ms MarkObjects: 2.057000 ms  DeleteObjects: 0.078500 ms)

========================================================================
Received Prepare
Registering precompiled user dll's ...
Registered in 0.003314 seconds.
Begin MonoManager ReloadAssembly
Native extension for WindowsStandalone target not found
Refreshing native plugins compatible for Editor in 0.56 ms, found 0 plugins.
Preloading 0 native plugins for Editor in 0.00 ms.
Invoked RoslynAnalysisRunner static constructor.
RoslynAnalysisRunner will not be running.
RoslynAnalysisRunner has terminated.
Mono: successfully reloaded assembly
- Completed reload, in  1.236 seconds
Platform modules already initialized, skipping
Refreshing native plugins compatible for Editor in 0.40 ms, found 0 plugins.
Preloading 0 native plugins for Editor in 0.00 ms.
Unloading 1113 Unused Serialized files (Serialized files now loaded: 0)
System memory in use before: 74.7 MB.
System memory in use after: 74.8 MB.

Unloading 5 unused Assets to reduce memory usage. Loaded Objects now: 1681.
Total: 2.360100 ms (FindLiveObjects: 0.249200 ms CreateObjectMapping: 0.066800 ms MarkObjects: 1.970500 ms  DeleteObjects: 0.071800 ms)

========================================================================
Received Prepare
Registering precompiled user dll's ...
Registered in 0.000864 seconds.
Begin MonoManager ReloadAssembly
Native extension for WindowsStandalone target not found
Refreshing native plugins compatible for Editor in 0.26 ms, found 0 plugins.
Preloading 0 native plugins for Editor in 0.00 ms.
Invoked RoslynAnalysisRunner static constructor.
RoslynAnalysisRunner will not be running.
RoslynAnalysisRunner has terminated.
Mono: successfully reloaded assembly
- Completed reload, in  0.821 seconds
Platform modules already initialized, skipping
Refreshing native plugins compatible for Editor in 0.23 ms, found 0 plugins.
Preloading 0 native plugins for Editor in 0.00 ms.
Unloading 1113 Unused Serialized files (Serialized files now loaded: 0)
System memory in use before: 74.7 MB.
System memory in use after: 74.8 MB.

Unloading 5 unused Assets to reduce memory usage. Loaded Objects now: 1684.
Total: 1.810900 ms (FindLiveObjects: 0.227100 ms CreateObjectMapping: 0.046200 ms MarkObjects: 1.433500 ms  DeleteObjects: 0.103100 ms)

========================================================================
Received Prepare
Registering precompiled user dll's ...
Registered in 0.001022 seconds.
Begin MonoManager ReloadAssembly
Native extension for WindowsStandalone target not found
Refreshing native plugins compatible for Editor in 0.23 ms, found 0 plugins.
Preloading 0 native plugins for Editor in 0.00 ms.
Invoked RoslynAnalysisRunner static constructor.
RoslynAnalysisRunner will not be running.
RoslynAnalysisRunner has terminated.
Mono: successfully reloaded assembly
- Completed reload, in  0.916 seconds
Platform modules already initialized, skipping
Refreshing native plugins compatible for Editor in 0.20 ms, found 0 plugins.
Preloading 0 native plugins for Editor in 0.00 ms.
Unloading 1113 Unused Serialized files (Serialized files now loaded: 0)
System memory in use before: 74.7 MB.
System memory in use after: 74.8 MB.

Unloading 5 unused Assets to reduce memory usage. Loaded Objects now: 1687.
Total: 1.949300 ms (FindLiveObjects: 0.321800 ms CreateObjectMapping: 0.078800 ms MarkObjects: 1.485500 ms  DeleteObjects: 0.061900 ms)

========================================================================
Received Prepare
Registering precompiled user dll's ...
Registered in 0.001321 seconds.
Begin MonoManager ReloadAssembly
Native extension for WindowsStandalone target not found
Refreshing native plugins compatible for Editor in 0.43 ms, found 0 plugins.
Preloading 0 native plugins for Editor in 0.00 ms.
Invoked RoslynAnalysisRunner static constructor.
RoslynAnalysisRunner will not be running.
RoslynAnalysisRunner has terminated.
Mono: successfully reloaded assembly
- Completed reload, in  1.170 seconds
Platform modules already initialized, skipping
Refreshing native plugins compatible for Editor in 0.44 ms, found 0 plugins.
Preloading 0 native plugins for Editor in 0.00 ms.
Unloading 1113 Unused Serialized files (Serialized files now loaded: 0)
System memory in use before: 74.7 MB.
System memory in use after: 74.8 MB.

Unloading 5 unused Assets to reduce memory usage. Loaded Objects now: 1690.
Total: 3.084600 ms (FindLiveObjects: 0.312600 ms CreateObjectMapping: 0.075900 ms MarkObjects: 2.600300 ms  DeleteObjects: 0.093300 ms)

AssetImportWorkerClient::OnTransportError - code=2 error=End of file
